2024-07-24 21:39:35,941 | INFO | aiogram | Bot: Милый Ботик [@test_20240531_bot]
2024-07-24 21:39:36,049 | WARNING | aiogram | Updates were skipped successfully.
2024-07-24 21:39:36,050 | INFO | aiogram.dispatcher.dispatcher | Start polling.
2024-07-24 21:39:41,936 | INFO | root | Получено сообщение от Svetlana Pavlova: hfdhdfh
2024-07-24 21:39:42,124 | INFO | root | Отправлен ответ: Введите команду /start, чтобы начать общение.
2024-07-24 21:39:43,583 | INFO | root | Получено сообщение от Svetlana Pavlova: /start
2024-07-24 21:39:43,666 | INFO | root | Отправлен ответ: Привет! Я бот помогающий твоему здоровью. Хотите узнать сколько калорий Вам нужно потреблять в день для здорового питания? Нажмите на кнопку "Рассчитать".
2024-07-24 21:39:45,304 | INFO | root | Получено сообщение от Svetlana Pavlova: Информация
2024-07-24 21:39:45,385 | INFO | root | Отправлен ответ: Я - невероятно крутой бот, который знает секрет как похудеть!
2024-07-24 21:39:50,356 | INFO | root | Получено сообщение от Svetlana Pavlova: Рассчитать
2024-07-24 21:39:50,484 | INFO | root | Отправлен ответ: Выберите опцию:
2024-07-24 21:39:52,397 | INFO | root | Получено сообщение от Svetlana Pavlova: Нажата кнопка - formulas
2024-07-24 21:39:52,460 | INFO | root | Отправлен ответ: Упрощенный вариант формулы Миффлина-Сан Жеора:

для мужчин: 10 х вес (кг) + 6,25 x рост (см) – 5 х возраст (г) + 5
для женщин: 10 x вес (кг) + 6,25 x рост (см) – 5 x возраст (г) – 161

Формула расчета индекса массы тела (ИМТ):

ИМТ = вес (кг) / рост (м) ^ 2
2024-07-24 21:39:54,603 | INFO | root | Получено сообщение от Svetlana Pavlova: Нажата кнопка - calories
2024-07-24 21:39:54,671 | INFO | root | Отправлен ответ: Введите свой пол (М/Ж):
2024-07-24 21:40:02,472 | INFO | root | Получено сообщение от Svetlana Pavlova: ж
2024-07-24 21:40:02,564 | INFO | root | Отправлен ответ: Введите свой возраст:
2024-07-24 21:40:16,416 | INFO | root | Получено сообщение от Svetlana Pavlova: 25
2024-07-24 21:40:16,504 | INFO | root | Отправлен ответ: Введите свой рост:
2024-07-24 21:40:21,580 | INFO | root | Получено сообщение от Svetlana Pavlova: 178
2024-07-24 21:40:21,666 | INFO | root | Отправлен ответ: Введите свой вес:
2024-07-24 21:40:30,514 | INFO | root | Получено сообщение от Svetlana Pavlova: 45
2024-07-24 21:40:30,683 | INFO | root | Отправлен ответ: Ваша норма калорий по формуле Миффлина-Сан Жеора: 1276.5 калорий

Индекс массы тела (ИМТ): 14.2 кг/кв.м

В соответствии с рекомендациями ВОЗ разработана следующая интерпретация показателей ИМТ:

16 и менее — Выраженный дефицит массы тела

16 - 18,5 — Недостаточная (дефицит) масса тела

18,5 - 25 — Норма

25 - 30 — Избыточная масса тела (предожирение)

30 - 35 — Ожирение 1 степени

35 - 40 — Ожирение 2 степени

40 и более — Ожирение 3 степени
2024-07-24 21:40:48,819 | INFO | root | Получено сообщение от Svetlana Pavlova: Купить
2024-07-24 21:40:49,152 | INFO | root | Отправлен ответ: Лот #001 | Описание: Очень бюджетный вариант | Цена: 199 руб.
2024-07-24 21:40:49,153 | INFO | root | Получено сообщение от Svetlana Pavlova: Купить
2024-07-24 21:40:49,241 | INFO | root | Отправлен ответ: Лот #002 | Описание: Разновидность бюджетного варианта | Цена: 299 руб.
2024-07-24 21:40:49,241 | INFO | root | Получено сообщение от Svetlana Pavlova: Купить
2024-07-24 21:40:49,340 | INFO | root | Отправлен ответ: Лот #003 | Описание: Инструкция для самостоятельной реализации на базе экранов Nextion | Цена: 2999 руб.
2024-07-24 21:40:49,340 | INFO | root | Получено сообщение от Svetlana Pavlova: Купить
2024-07-24 21:40:49,439 | INFO | root | Отправлен ответ: Лот #004 | Описание: Высокоинтеллектуальное решение на базе ИИ | Цена: 29999 руб.
2024-07-24 21:40:49,439 | INFO | root | Получено сообщение от Svetlana Pavlova: Купить
2024-07-24 21:40:49,533 | INFO | root | Отправлен ответ: Лот #005 | Описание: Высокоинтеллектуальное решение на базе ИИ с дактилоскопическим анализом состояния здоровья | Цена: 69999 руб.
2024-07-24 21:40:49,533 | INFO | root | Получено сообщение от Svetlana Pavlova: Купить
2024-07-24 21:40:49,653 | INFO | root | Отправлен ответ: Лот #006 | Описание: Самое эффективное решение по невероятно низкой цене | Цена: 9 руб.
2024-07-24 21:40:49,653 | INFO | root | Получено сообщение от Svetlana Pavlova: Купить
2024-07-24 21:40:49,744 | INFO | root | Отправлен ответ: Выберите продукт для покупки:
2024-07-24 21:40:52,021 | INFO | root | Получено сообщение от Svetlana Pavlova: Нажата кнопка - product_buying
2024-07-24 21:40:52,081 | INFO | root | Отправлен ответ: Вы успешно приобрели продукт!
2024-07-24 21:41:03,141 | INFO | root | Получено сообщение от Svetlana Pavlova: Рассчитать
2024-07-24 21:41:03,242 | INFO | root | Отправлен ответ: Выберите опцию:
2024-07-24 21:41:13,399 | INFO | root | Получено сообщение от Svetlana Pavlova: п
2024-07-24 21:41:13,547 | INFO | root | Отправлен ответ: Введите команду /start, чтобы начать общение.
2024-07-24 21:41:19,316 | INFO | root | Получено сообщение от Svetlana Pavlova: Нажата кнопка - calories
2024-07-24 21:41:19,444 | INFO | root | Отправлен ответ: Введите свой пол (М/Ж):
2024-07-24 21:41:21,394 | INFO | root | Получено сообщение от Svetlana Pavlova: п
2024-07-24 21:41:21,573 | INFO | root | Отправлен ответ: Введите свой возраст:
2024-07-24 21:41:23,270 | INFO | root | Получено сообщение от Svetlana Pavlova: вы
2024-07-24 21:41:23,563 | INFO | root | Отправлен ответ: Введите свой рост:
2024-07-24 21:41:24,701 | INFO | root | Получено сообщение от Svetlana Pavlova: авп
2024-07-24 21:41:24,781 | INFO | root | Отправлен ответ: Введите свой вес:
2024-07-24 21:41:26,791 | INFO | root | Получено сообщение от Svetlana Pavlova: вп
2024-07-24 21:41:26,870 | INFO | root | Отправлен ответ: Вы ввели ошибочные данные
2024-07-24 21:41:45,694 | INFO | aiogram.dispatcher.dispatcher | Stop polling...
2024-07-24 21:41:45,695 | WARNING | aiogram | Goodbye!
